<?xml version="1.0" encoding="UTF-8"?>
<!-- Generated by org.testng.reporters.JUnitReportReporter -->
<testsuite hostname="DESKTOP-8JDMI1P" failures="0" tests="1" name="NaveenBDDRunner.UberBookingRunner" time="0.320" errors="0" timestamp="2024-07-24T21:51:33 IST" skipped="0">
  <testcase classname="NaveenBDDRunner.UberBookingRunner" name="runScenario" time="0.320"/>
  <system-out/>
</testsuite> <!-- NaveenBDDRunner.UberBookingRunner -->
