<?xml version="1.0" encoding="UTF-8"?>
<!-- Generated by org.testng.reporters.JUnitReportReporter -->
<testsuite hostname="DESKTOP-8JDMI1P" failures="0" tests="1" name="NaveenBDDStep.RegistrationTestRunner" time="0.235" errors="0" timestamp="2024-07-24T22:49:16 IST" skipped="0">
  <testcase classname="NaveenBDDStep.RegistrationTestRunner" name="runScenario" time="0.235"/>
  <system-out/>
</testsuite> <!-- NaveenBDDStep.RegistrationTestRunner -->
