<?xml version="1.0" encoding="UTF-8"?>
<!-- Generated by org.testng.reporters.JUnitReportReporter -->
<testsuite hostname="DESKTOP-8JDMI1P" failures="0" tests="4" name="NaveenBDDRunner.CRMLogin" time="22.221" errors="0" timestamp="2024-07-24T18:54:21 IST" skipped="0">
  <testcase classname="NaveenBDDRunner.CRMLogin" name="runScenario" time="0.034"/>
  <system-out/>
  <testcase classname="NaveenBDDRunner.CRMLogin" name="runScenario" time="0.064"/>
  <system-out/>
  <testcase classname="NaveenBDDRunner.CRMLogin" name="runScenario" time="22.083"/>
  <system-out/>
  <testcase classname="NaveenBDDRunner.CRMLogin" name="runScenario" time="0.040"/>
  <system-out/>
</testsuite> <!-- NaveenBDDRunner.CRMLogin -->
